2023-08-08 12:22:12.491 [main] INFO  org.swt.components.LoginComponent - abc logged in successfully!
2023-08-08 17:36:26.009 [main] INFO  org.swt.components.LoginComponent - abc logged in successfully!
2023-08-08 18:17:04.997 [main] INFO  org.swt.components.LoginComponent - abc logged in successfully!
2023-08-09 10:01:14.779 [main] INFO  org.swt.components.LoginComponent - abc logged in successfully!
2023-08-09 10:01:44.541 [main] INFO  org.swt.components.LoginComponent - abc logged in successfully!
2023-08-09 10:15:56.787 [main] INFO  org.swt.components.LoginComponent - abc logged in successfully!
2023-08-09 10:17:03.781 [main] INFO  org.swt.components.LoginComponent - abc logged in successfully!
2023-08-09 10:17:46.857 [main] INFO  org.swt.components.LoginComponent - abc logged in successfully!
2023-08-09 10:20:23.194 [main] ERROR org.swt.components.LoginComponent - Unable to login because of incorrect password.
2023-08-09 10:20:28.397 [main] INFO  org.swt.components.LoginComponent - abc logged in successfully!
2023-08-09 10:21:05.667 [main] INFO  org.swt.components.LoginComponent - abc logged in successfully!
2023-08-09 10:21:52.704 [main] INFO  org.swt.components.LoginComponent - abc logged in successfully!
2023-08-09 10:22:36.844 [main] INFO  org.swt.components.LoginComponent - abc logged in successfully!
2023-08-09 10:23:05.740 [main] INFO  org.swt.components.LoginComponent - abc logged in successfully!
2023-08-09 10:35:31.755 [main] INFO  org.swt.components.LoginComponent - abc logged in successfully!
2023-08-09 10:35:51.588 [main] INFO  org.swt.components.LoginComponent - abc logged in successfully!
2023-08-09 10:36:48.505 [main] INFO  org.swt.components.LoginComponent - abc logged in successfully!
2023-08-09 10:37:17.705 [main] INFO  org.swt.components.LoginComponent - abc logged in successfully!
2023-08-09 10:39:02.591 [main] INFO  org.swt.components.LoginComponent - abc logged in successfully!
2023-08-09 10:41:18.874 [main] INFO  org.swt.components.LoginComponent - abc logged in successfully!
2023-08-09 10:42:05.413 [main] INFO  org.swt.components.LoginComponent - abc logged in successfully!
2023-08-09 10:42:33.952 [main] INFO  org.swt.components.LoginComponent - abc logged in successfully!
2023-08-09 10:43:18.745 [main] INFO  org.swt.components.LoginComponent - abc logged in successfully!
2023-08-09 10:43:44.740 [main] INFO  org.swt.components.LoginComponent - abc logged in successfully!
2023-08-09 10:44:37.610 [main] INFO  org.swt.components.LoginComponent - abc logged in successfully!
2023-08-09 10:45:03.611 [main] ERROR org.swt.components.LoginComponent - Unable to login because of incorrect password.
2023-08-09 10:45:07.127 [main] INFO  org.swt.components.LoginComponent - abc logged in successfully!
2023-08-09 10:46:02.206 [main] INFO  org.swt.components.LoginComponent - abc logged in successfully!
2023-08-09 10:47:19.680 [main] INFO  org.swt.components.LoginComponent - abc logged in successfully!
2023-08-09 10:50:41.164 [main] INFO  org.swt.components.LoginComponent - abc logged in successfully!
2023-08-09 10:51:26.841 [main] INFO  org.swt.components.LoginComponent - abc logged in successfully!
2023-08-09 10:53:28.606 [main] INFO  org.swt.components.LoginComponent - abc logged in successfully!
2023-08-09 10:55:05.121 [main] INFO  org.swt.components.LoginComponent - abc logged in successfully!
2023-08-09 10:55:24.581 [main] INFO  org.swt.components.LoginComponent - abc logged in successfully!
2023-08-09 10:56:26.822 [main] INFO  org.swt.components.LoginComponent - abc logged in successfully!
2023-08-09 10:58:12.268 [main] INFO  org.swt.components.LoginComponent - abc logged in successfully!
2023-08-09 10:59:10.486 [main] INFO  org.swt.components.LoginComponent - abc logged in successfully!
2023-08-09 11:00:28.528 [main] INFO  org.swt.components.LoginComponent - abc logged in successfully!
2023-08-09 11:00:46.482 [main] ERROR org.swt.components.LoginComponent - Unable to login because of incorrect password.
2023-08-09 11:00:51.275 [main] INFO  org.swt.components.LoginComponent - abc logged in successfully!
2023-08-09 11:01:52.557 [main] INFO  org.swt.components.LoginComponent - abc logged in successfully!
2023-08-09 11:02:19.631 [main] INFO  org.swt.components.LoginComponent - abc logged in successfully!
2023-08-09 11:02:42.189 [main] INFO  org.swt.components.LoginComponent - abc logged in successfully!
2023-08-09 11:03:58.739 [main] INFO  org.swt.components.LoginComponent - abc logged in successfully!
2023-08-09 11:04:49.409 [main] INFO  org.swt.components.LoginComponent - abc logged in successfully!
2023-08-09 15:20:14.664 [main] INFO  org.swt.components.LoginComponent - abc logged in successfully!
2023-08-09 15:54:01.728 [main] INFO  org.swt.components.LoginComponent - abc logged in successfully!
2023-08-09 15:54:30.508 [main] INFO  org.swt.components.LoginComponent - Photography Masterclass has been added to the library successfully!
2023-08-09 15:55:36.138 [main] INFO  org.swt.components.LoginComponent - abc logged in successfully!
2023-08-09 15:56:36.884 [main] INFO  org.swt.components.LoginComponent - Strategic Management has been added to the library successfully!
2023-08-09 15:59:46.267 [main] INFO  org.swt.components.LoginComponent - abc logged in successfully!
2023-08-09 16:00:39.380 [main] INFO  org.swt.components.LoginComponent - abc logged in successfully!
2023-08-09 16:01:08.348 [main] INFO  org.swt.components.LoginComponent - Emotional Intelligence has been added to the library successfully!
2023-08-09 16:03:42.597 [main] INFO  org.swt.components.LoginComponent - abc logged in successfully!
2023-08-09 16:04:13.728 [main] INFO  org.swt.components.LoginComponent - Inspirational Leaders has been added to the library successfully!
2023-08-09 16:06:20.191 [main] INFO  org.swt.components.LoginComponent - abc logged in successfully!
2023-08-09 16:07:11.102 [main] INFO  org.swt.components.LoginComponent - abc logged in successfully!
2023-08-09 16:07:55.418 [main] INFO  org.swt.components.LoginComponent - The American Revolution has been added to the library successfully!
2023-08-09 16:09:36.758 [main] INFO  org.swt.components.LoginComponent - abc logged in successfully!
2023-08-09 16:11:07.526 [main] INFO  org.swt.components.LoginComponent - The Enchanted Forest has been added to the library successfully!
2023-08-09 16:15:37.216 [main] INFO  org.swt.components.LoginComponent - abc logged in successfully!
2023-08-09 16:16:01.146 [main] INFO  org.swt.components.LoginComponent - Chemistry: The Central Science has been added to the library successfully!
2023-08-09 16:16:51.037 [main] INFO  org.swt.components.LoginComponent - abc logged in successfully!
2023-08-09 16:17:09.990 [main] INFO  org.swt.components.LoginComponent - Chemistry: The Central Science has been added to the library successfully!
2023-08-09 16:19:09.050 [main] INFO  org.swt.components.LoginComponent - abc logged in successfully!
2023-08-09 16:19:42.746 [main] INFO  org.swt.components.LoginComponent - Chemistry: The Central Science has been added to the library successfully!
2023-08-09 16:22:44.232 [main] INFO  org.swt.components.LoginComponent - abc logged in successfully!
2023-08-09 16:23:00.083 [main] INFO  org.swt.components.LoginComponent - Chemistry: The Central Science has been added to the library successfully!
2023-08-09 16:24:40.953 [main] INFO  org.swt.components.LoginComponent - abc logged in successfully!
2023-08-09 16:25:22.440 [main] INFO  org.swt.components.LoginComponent - Chemistry: The Central Science has been added to the library successfully!
2023-08-09 16:28:10.272 [main] INFO  org.swt.components.LoginComponent - abc logged in successfully!
2023-08-09 16:28:31.987 [main] INFO  org.swt.components.LoginComponent - Chemistry: The Central Science has been added to the library successfully!
2023-08-09 16:56:30.543 [main] INFO  org.swt.components.LoginComponent - abc logged in successfully!
2023-08-09 16:57:18.555 [main] INFO  org.swt.components.LoginComponent - abc logged in successfully!
2023-08-09 16:57:37.195 [main] INFO  org.swt.components.LoginComponent - Chemistry: The Central Science has been added to the library successfully!
2023-08-09 17:32:10.398 [main] INFO  org.swt.components.LoginComponent - abc logged in successfully!
2023-08-09 17:32:32.954 [main] INFO  org.swt.components.LoginComponent - Chemistry: The Central Scienc has been added to the library successfully!
2023-08-09 17:33:44.126 [main] INFO  org.swt.components.LoginComponent - abc logged in successfully!
2023-08-09 17:34:06.415 [main] INFO  org.swt.components.LoginComponent - abc logged in successfully!
2023-08-09 17:38:01.301 [main] INFO  org.swt.components.LoginComponent - abc logged in successfully!
2023-08-09 17:38:42.086 [main] INFO  org.swt.components.LoginComponent - abc logged in successfully!
2023-08-09 17:39:20.631 [main] INFO  org.swt.components.LoginComponent - abc logged in successfully!
2023-08-09 17:40:05.223 [main] INFO  org.swt.components.LoginComponent - Chemistry: The Central Science has been added to the library successfully!
2023-08-09 17:43:40.891 [main] INFO  org.swt.components.LoginComponent - abc logged in successfully!
2023-08-09 17:45:37.392 [main] INFO  org.swt.components.LoginComponent - Chemistry: The Central Science has been added to the library successfully!
2023-08-09 17:46:12.613 [main] INFO  org.swt.components.LoginComponent - abc logged in successfully!
2023-08-09 17:47:01.588 [main] INFO  org.swt.components.LoginComponent - Chemistry: The Central Science has been added to the library successfully!
2023-08-09 17:52:31.909 [main] INFO  org.swt.components.LoginComponent - abc logged in successfully!
2023-08-09 17:52:51.188 [main] INFO  org.swt.components.LoginComponent - Chemistry: The Central Science has been added to the library successfully!
2023-08-09 17:58:07.942 [main] INFO  org.swt.components.LoginComponent - abc logged in successfully!
2023-08-09 17:58:41.103 [main] INFO  org.swt.components.LoginComponent - Chemistry: The Central Science has been added to the library successfully!
2023-08-09 17:59:13.127 [main] INFO  org.swt.components.LoginComponent - abc logged in successfully!
2023-08-09 17:59:27.750 [main] INFO  org.swt.components.LoginComponent - Chemistry: The Central Science has been added to the library successfully!
2023-08-09 18:00:34.305 [main] INFO  org.swt.components.LoginComponent - abc logged in successfully!
2023-08-09 18:00:57.007 [main] INFO  org.swt.components.LoginComponent - Chemistry: The Central Science has been added to the library successfully!
2023-08-09 18:02:18.756 [main] INFO  org.swt.components.LoginComponent - abc logged in successfully!
2023-08-09 18:03:36.064 [main] INFO  org.swt.components.LoginComponent - Chemistry: The Central Science has been added to the library successfully!
2023-08-09 18:05:22.590 [main] INFO  org.swt.components.LoginComponent - abc logged in successfully!
2023-08-09 18:06:35.183 [main] INFO  org.swt.components.LoginComponent - abc logged in successfully!
2023-08-09 18:06:53.451 [main] INFO  org.swt.components.LoginComponent - Chemistry: The Central Science has been added to the library successfully!
2023-08-09 18:07:37.709 [main] INFO  org.swt.components.LoginComponent - Mastering Machine Learning has been added to the library successfully!
2023-08-09 18:17:46.167 [main] INFO  org.swt.components.LoginComponent - abc logged in successfully!
2023-08-09 18:18:06.013 [main] INFO  org.swt.components.LoginComponent - Global Governance has been added to the library successfully!
2023-08-09 18:18:47.575 [main] INFO  org.swt.components.LoginComponent - abc logged in successfully!
2023-08-09 18:28:36.369 [main] INFO  org.swt.components.LoginComponent - abc logged in successfully!
2023-08-09 18:29:11.478 [main] INFO  org.swt.components.LoginComponent - Adventures Abroad has been added to the library successfully!
2023-08-09 18:32:50.392 [main] INFO  org.swt.components.LoginComponent - abc logged in successfully!
2023-08-09 18:34:10.597 [main] INFO  org.swt.components.LoginComponent - abc logged in successfully!
2023-08-09 18:34:52.475 [main] INFO  org.swt.components.LoginComponent - abc logged in successfully!
2023-08-09 18:35:44.600 [main] INFO  org.swt.components.LoginComponent - abc logged in successfully!
2023-08-09 18:36:16.044 [main] INFO  org.swt.components.LoginComponent - abc logged in successfully!
2023-08-09 18:37:00.702 [main] INFO  org.swt.components.LoginComponent - abc logged in successfully!
2023-08-09 18:37:56.057 [main] INFO  org.swt.components.LoginComponent - abc logged in successfully!
2023-08-09 18:38:18.627 [main] INFO  org.swt.components.LoginComponent - abc logged in successfully!
2023-08-09 18:40:10.133 [main] INFO  org.swt.components.LoginComponent - abc logged in successfully!
2023-08-09 18:43:56.103 [main] INFO  org.swt.components.LoginComponent - abc logged in successfully!
2023-08-09 18:47:21.187 [main] INFO  org.swt.components.LoginComponent - bb2 has been added to the library successfully!
2023-08-09 19:01:41.832 [main] INFO  org.swt.components.LoginComponent - abc logged in successfully!
2023-08-09 19:01:59.451 [main] INFO  org.swt.components.LoginComponent - Abstract Artistry has been added to the library successfully!
2023-08-09 19:06:25.749 [main] INFO  org.swt.components.LoginComponent - abc logged in successfully!
2023-08-09 19:06:54.309 [main] INFO  org.swt.components.LoginComponent - Entrepreneurial Success has been added to the library successfully!
2023-08-09 19:11:17.438 [main] INFO  org.swt.components.LoginComponent - abc logged in successfully!
2023-08-09 19:11:45.677 [main] INFO  org.swt.components.LoginComponent - The Positive Mindset has been added to the library successfully!
2023-08-09 19:15:20.652 [main] INFO  org.swt.components.LoginComponent - abc logged in successfully!
2023-08-09 19:15:38.185 [main] INFO  org.swt.components.LoginComponent - Unbreakable Spirit has been added to the library successfully!
